# JRE version: Java(TM) SE Runtime Environment (7.0_60-b19) (build 1.7.0_60-b19)
# Java VM: Java HotSpot(TM) 64-Bit Server VM (24.60-b09 mixed mode windows-amd64 compressed oops)
Heap
 PSYoungGen      total 262144K, used 207051K [0x00000000eaa80000, 0x00000000fff80000, 0x0000000100000000)
  eden space 183808K, 100% used [0x00000000eaa80000,0x00000000f5e00000,0x00000000f5e00000)
  from space 78336K, 29% used [0x00000000f5e00000,0x00000000f74b2e48,0x00000000faa80000)
  to   space 75776K, 27% used [0x00000000fb580000,0x00000000fca28ac8,0x00000000fff80000)
 ParOldGen       total 295424K, used 106067K [0x00000000c0000000, 0x00000000d2080000, 0x00000000eaa80000)
  object space 295424K, 35% used [0x00000000c0000000,0x00000000c6794e10,0x00000000d2080000)
 PSPermGen       total 167936K, used 142179K [0x00000000b0000000, 0x00000000ba400000, 0x00000000c0000000)
  object space 167936K, 84% used [0x00000000b0000000,0x00000000b8ad8dd0,0x00000000ba400000)
GC Heap History (10 events):
Event: 10342.691 GC heap after
Heap after GC invocations=74 (full 18):
 PSYoungGen      total 239104K, used 34723K [0x00000000eaa80000, 0x00000000feb00000, 0x0000000100000000)
  eden space 158208K, 0% used [0x00000000eaa80000,0x00000000eaa80000,0x00000000f4500000)
  from space 80896K, 42% used [0x00000000f9c00000,0x00000000fbde8dd8,0x00000000feb00000)
  to   space 84992K, 0% used [0x00000000f4500000,0x00000000f4500000,0x00000000f9800000)
 ParOldGen       total 295424K, used 74814K [0x00000000c0000000, 0x00000000d2080000, 0x00000000eaa80000)
  object space 295424K, 25% used [0x00000000c0000000,0x00000000c490f8b0,0x00000000d2080000)
 PSPermGen       total 151552K, used 124918K [0x00000000b0000000, 0x00000000b9400000, 0x00000000c0000000)
  object space 151552K, 82% used [0x00000000b0000000,0x00000000b79fdb20,0x00000000b9400000)
}
Event: 10348.102 GC heap before
{Heap before GC invocations=75 (full 18):
 PSYoungGen      total 239104K, used 192931K [0x00000000eaa80000, 0x00000000feb00000, 0x0000000100000000)
  eden space 158208K, 100% used [0x00000000eaa80000,0x00000000f4500000,0x00000000f4500000)
  from space 80896K, 42% used [0x00000000f9c00000,0x00000000fbde8dd8,0x00000000feb00000)
  to   space 84992K, 0% used [0x00000000f4500000,0x00000000f4500000,0x00000000f9800000)
 ParOldGen       total 295424K, used 74814K [0x00000000c0000000, 0x00000000d2080000, 0x00000000eaa80000)
  object space 295424K, 25% used [0x00000000c0000000,0x00000000c490f8b0,0x00000000d2080000)
 PSPermGen       total 151552K, used 127428K [0x00000000b0000000, 0x00000000b9400000, 0x00000000c0000000)
  object space 151552K, 84% used [0x00000000b0000000,0x00000000b7c71128,0x00000000b9400000)
Event: 10348.865 GC heap after
Heap after GC invocations=75 (full 18):
 PSYoungGen      total 243200K, used 41455K [0x00000000eaa80000, 0x0000000100000000, 0x0000000100000000)
  eden space 158208K, 0% used [0x00000000eaa80000,0x00000000eaa80000,0x00000000f4500000)
  from space 84992K, 48% used [0x00000000f4500000,0x00000000f6d7be80,0x00000000f9800000)
  to   space 82944K, 0% used [0x00000000faf00000,0x00000000faf00000,0x0000000100000000)
 ParOldGen       total 295424K, used 74814K [0x00000000c0000000, 0x00000000d2080000, 0x00000000eaa80000)
  object space 295424K, 25% used [0x00000000c0000000,0x00000000c490f8b0,0x00000000d2080000)
 PSPermGen       total 151552K, used 127428K [0x00000000b0000000, 0x00000000b9400000, 0x00000000c0000000)
  object space 151552K, 84% used [0x00000000b0000000,0x00000000b7c71128,0x00000000b9400000)
}
Event: 10348.949 GC heap before
{Heap before GC invocations=76 (full 18):
 PSYoungGen      total 243200K, used 46273K [0x00000000eaa80000, 0x0000000100000000, 0x0000000100000000)
  eden space 158208K, 3% used [0x00000000eaa80000,0x00000000eaf34860,0x00000000f4500000)
  from space 84992K, 48% used [0x00000000f4500000,0x00000000f6d7be80,0x00000000f9800000)
  to   space 82944K, 0% used [0x00000000faf00000,0x00000000faf00000,0x0000000100000000)
 ParOldGen       total 295424K, used 74814K [0x00000000c0000000, 0x00000000d2080000, 0x00000000eaa80000)
  object space 295424K, 25% used [0x00000000c0000000,0x00000000c490f8b0,0x00000000d2080000)
 PSPermGen       total 151552K, used 127446K [0x00000000b0000000, 0x00000000b9400000, 0x00000000c0000000)
  object space 151552K, 84% used [0x00000000b0000000,0x00000000b7c75830,0x00000000b9400000)
Event: 10349.202 GC heap after
Heap after GC invocations=76 (full 18):
 PSYoungGen      total 257536K, used 34290K [0x00000000eaa80000, 0x00000000ff700000, 0x0000000100000000)
  eden space 183808K, 0% used [0x00000000eaa80000,0x00000000eaa80000,0x00000000f5e00000)
  from space 73728K, 46% used [0x00000000faf00000,0x00000000fd07c8e0,0x00000000ff700000)
  to   space 78336K, 0% used [0x00000000f5e00000,0x00000000f5e00000,0x00000000faa80000)
 ParOldGen       total 295424K, used 74814K [0x00000000c0000000, 0x00000000d2080000, 0x00000000eaa80000)
  object space 295424K, 25% used [0x00000000c0000000,0x00000000c490f8b0,0x00000000d2080000)
 PSPermGen       total 151552K, used 127446K [0x00000000b0000000, 0x00000000b9400000, 0x00000000c0000000)
  object space 151552K, 84% used [0x00000000b0000000,0x00000000b7c75830,0x00000000b9400000)
}
Event: 10349.202 GC heap before
{Heap before GC invocations=77 (full 19):
 PSYoungGen      total 257536K, used 34290K [0x00000000eaa80000, 0x00000000ff700000, 0x0000000100000000)
  eden space 183808K, 0% used [0x00000000eaa80000,0x00000000eaa80000,0x00000000f5e00000)
  from space 73728K, 46% used [0x00000000faf00000,0x00000000fd07c8e0,0x00000000ff700000)
  to   space 78336K, 0% used [0x00000000f5e00000,0x00000000f5e00000,0x00000000faa80000)
 ParOldGen       total 295424K, used 74814K [0x00000000c0000000, 0x00000000d2080000, 0x00000000eaa80000)
  object space 295424K, 25% used [0x00000000c0000000,0x00000000c490f8b0,0x00000000d2080000)
 PSPermGen       total 151552K, used 127446K [0x00000000b0000000, 0x00000000b9400000, 0x00000000c0000000)
  object space 151552K, 84% used [0x00000000b0000000,0x00000000b7c75830,0x00000000b9400000)
Event: 10350.569 GC heap after
Heap after GC invocations=77 (full 19):
 PSYoungGen      total 257536K, used 0K [0x00000000eaa80000, 0x00000000ff700000, 0x0000000100000000)
  eden space 183808K, 0% used [0x00000000eaa80000,0x00000000eaa80000,0x00000000f5e00000)
  from space 73728K, 0% used [0x00000000faf00000,0x00000000faf00000,0x00000000ff700000)
  to   space 78336K, 0% used [0x00000000f5e00000,0x00000000f5e00000,0x00000000faa80000)
 ParOldGen       total 295424K, used 106067K [0x00000000c0000000, 0x00000000d2080000, 0x00000000eaa80000)
  object space 295424K, 35% used [0x00000000c0000000,0x00000000c6794e10,0x00000000d2080000)
 PSPermGen       total 167936K, used 127435K [0x00000000b0000000, 0x00000000ba400000, 0x00000000c0000000)
  object space 167936K, 75% used [0x00000000b0000000,0x00000000b7c72d90,0x00000000ba400000)
}
Event: 10413.681 GC heap before
{Heap before GC invocations=78 (full 19):
 PSYoungGen      total 257536K, used 183808K [0x00000000eaa80000, 0x00000000ff700000, 0x0000000100000000)
  eden space 183808K, 100% used [0x00000000eaa80000,0x00000000f5e00000,0x00000000f5e00000)
  from space 73728K, 0% used [0x00000000faf00000,0x00000000faf00000,0x00000000ff700000)
  to   space 78336K, 0% used [0x00000000f5e00000,0x00000000f5e00000,0x00000000faa80000)
 ParOldGen       total 295424K, used 106067K [0x00000000c0000000, 0x00000000d2080000, 0x00000000eaa80000)
  object space 295424K, 35% used [0x00000000c0000000,0x00000000c6794e10,0x00000000d2080000)
 PSPermGen       total 167936K, used 135081K [0x00000000b0000000, 0x00000000ba400000, 0x00000000c0000000)
  object space 167936K, 80% used [0x00000000b0000000,0x00000000b83ea7e0,0x00000000ba400000)
Event: 10413.798 GC heap after
Heap after GC invocations=78 (full 19):
 PSYoungGen      total 262144K, used 23243K [0x00000000eaa80000, 0x00000000fff80000, 0x0000000100000000)
  eden space 183808K, 0% used [0x00000000eaa80000,0x00000000eaa80000,0x00000000f5e00000)
  from space 78336K, 29% used [0x00000000f5e00000,0x00000000f74b2e48,0x00000000faa80000)
  to   space 75776K, 0% used [0x00000000fb580000,0x00000000fb580000,0x00000000fff80000)
 ParOldGen       total 295424K, used 106067K [0x00000000c0000000, 0x00000000d2080000, 0x00000000eaa80000)
  object space 295424K, 35% used [0x00000000c0000000,0x00000000c6794e10,0x00000000d2080000)
 PSPermGen       total 167936K, used 135081K [0x00000000b0000000, 0x00000000ba400000, 0x00000000c0000000)
  object space 167936K, 80% used [0x00000000b0000000,0x00000000b83ea7e0,0x00000000ba400000)
}
Event: 10651.413 GC heap before
{Heap before GC invocations=79 (full 19):
 PSYoungGen      total 262144K, used 207051K [0x00000000eaa80000, 0x00000000fff80000, 0x0000000100000000)
  eden space 183808K, 100% used [0x00000000eaa80000,0x00000000f5e00000,0x00000000f5e00000)
  from space 78336K, 29% used [0x00000000f5e00000,0x00000000f74b2e48,0x00000000faa80000)
  to   space 75776K, 0% used [0x00000000fb580000,0x00000000fb580000,0x00000000fff80000)
 ParOldGen       total 295424K, used 106067K [0x00000000c0000000, 0x00000000d2080000, 0x00000000eaa80000)
  object space 295424K, 35% used [0x00000000c0000000,0x00000000c6794e10,0x00000000d2080000)
 PSPermGen       total 167936K, used 142179K [0x00000000b0000000, 0x00000000ba400000, 0x00000000c0000000)
  object space 167936K, 84% used [0x00000000b0000000,0x00000000b8ad8dd0,0x00000000ba400000)

